#-----------------------------------------------------------
# Vivado v2018.2 (64-bit)
# SW Build 2258646 on Thu Jun 14 20:03:12 MDT 2018
# IP Build 2256618 on Thu Jun 14 22:10:49 MDT 2018
# Start of session at: Wed May 13 20:11:41 2020
# Process ID: 9364
# Current directory: D:/Bo/Bo/A_NUS Undergraduate/Year_1_Sem_2/EE2026/Project/Master/SoundDisplay
# Command line: vivado.exe -gui_launcher_event rodinguilauncherevent9992 D:\Bo\Bo\A_NUS Undergraduate\Year_1_Sem_2\EE2026\Project\Master\SoundDisplay\SoundDisplay.xpr
# Log file: D:/Bo/Bo/A_NUS Undergraduate/Year_1_Sem_2/EE2026/Project/Master/SoundDisplay/vivado.log
# Journal file: D:/Bo/Bo/A_NUS Undergraduate/Year_1_Sem_2/EE2026/Project/Master/SoundDisplay\vivado.jou
#-----------------------------------------------------------
start_gui
open_project {D:/Bo/Bo/A_NUS Undergraduate/Year_1_Sem_2/EE2026/Project/Master/SoundDisplay/SoundDisplay.xpr}
INFO: [Project 1-313] Project file moved from 'C:/Users/lyk02/AppData/Roaming/Xilinx/Vivado/.Xil/Vivado-9824-DESKTOP-I7MQFLR/PrjAr/_X_' since last save.
Scanning sources...
Finished scanning sources
INFO: [IP_Flow 19-234] Refreshing IP repositories
INFO: [IP_Flow 19-1704] No user IP repositories specified
INFO: [IP_Flow 19-2313] Loaded Vivado IP repository 'D:/Bo/Bo/Vivado/2018.2/data/ip'.
open_project: Time (s): cpu = 00:00:23 ; elapsed = 00:00:13 . Memory (MB): peak = 815.227 ; gain = 98.715
open_hw
connect_hw_server
INFO: [Labtools 27-2285] Connecting to hw_server url TCP:localhost:3121
update_compile_order -fileset sources_1
disconnect_hw_server localhost:3121
connect_hw_server
INFO: [Labtools 27-2285] Connecting to hw_server url TCP:localhost:3121
disconnect_hw_server localhost:3121
connect_hw_server
INFO: [Labtools 27-2285] Connecting to hw_server url TCP:localhost:3121
disconnect_hw_server localhost:3121
connect_hw_server
INFO: [Labtools 27-2285] Connecting to hw_server url TCP:localhost:3121
exit
INFO: [Common 17-206] Exiting Vivado at Wed May 13 20:13:09 2020...
